<?xml version="1.0" encoding="UTF-8"?>
<!-- Generated by org.testng.reporters.JUnitReportReporter -->
<testsuite skipped="0" hostname="Shashank-PC" name="com.employee.testcases.TC001_Get_All_Employees" tests="9" failures="0" timestamp="03 Dec 2019 12:49:41 GMT" time="0.094" errors="1">
  <testcase name="checkContentType" time="0.000" classname="com.employee.testcases.TC001_Get_All_Employees"/>
  <testcase name="checkContentLength" time="0.000" classname="com.employee.testcases.TC001_Get_All_Employees">
    <error type="java.lang.NumberFormatException" message="null">
      <![CDATA[java.lang.NumberFormatException: null
at java.lang.Integer.parseInt(Integer.java:542)
at java.lang.Integer.parseInt(Integer.java:615)
at com.employee.testcases.TC001_Get_All_Employees.checkContentLength(TC001_Get_All_Employees.java:101)
at sun.reflect.NativeMethodAccessorImpl.invoke0(Native Method)
at sun.reflect.NativeMethodAccessorImpl.invoke(NativeMethodAccessorImpl.java:62)
at sun.reflect.DelegatingMethodAccessorImpl.invoke(DelegatingMethodAccessorImpl.java:43)
at java.lang.reflect.Method.invoke(Method.java:498)
at org.testng.internal.MethodInvocationHelper.invokeMethod(MethodInvocationHelper.java:124)
at org.testng.internal.Invoker.invokeMethod(Invoker.java:583)
at org.testng.internal.Invoker.invokeTestMethod(Invoker.java:719)
at org.testng.internal.Invoker.invokeTestMethods(Invoker.java:989)
at org.testng.internal.TestMethodWorker.invokeTestMethods(TestMethodWorker.java:125)
at org.testng.internal.TestMethodWorker.run(TestMethodWorker.java:109)
at org.testng.TestRunner.privateRun(TestRunner.java:648)
at org.testng.TestRunner.run(TestRunner.java:505)
at org.testng.SuiteRunner.runTest(SuiteRunner.java:455)
at org.testng.SuiteRunner.runSequentially(SuiteRunner.java:450)
at org.testng.SuiteRunner.privateRun(SuiteRunner.java:415)
at org.testng.SuiteRunner.run(SuiteRunner.java:364)
at org.testng.SuiteRunnerWorker.runSuite(SuiteRunnerWorker.java:52)
at org.testng.SuiteRunnerWorker.run(SuiteRunnerWorker.java:84)
at org.testng.TestNG.runSuitesSequentially(TestNG.java:1208)
at org.testng.TestNG.runSuitesLocally(TestNG.java:1137)
at org.testng.TestNG.runSuites(TestNG.java:1049)
at org.testng.TestNG.run(TestNG.java:1017)
at org.testng.remote.AbstractRemoteTestNG.run(AbstractRemoteTestNG.java:115)
at org.testng.remote.RemoteTestNG.initAndRun(RemoteTestNG.java:251)
at org.testng.remote.RemoteTestNG.main(RemoteTestNG.java:77)
]]>
    </error>
  </testcase> <!-- checkContentLength -->
  <testcase name="checkServerType" time="0.016" classname="com.employee.testcases.TC001_Get_All_Employees"/>
  <testcase name="checkStatusLine" time="0.000" classname="com.employee.testcases.TC001_Get_All_Employees"/>
  <testcase name="checkStatusCode" time="0.000" classname="com.employee.testcases.TC001_Get_All_Employees"/>
  <testcase name="checkCookies" time="0.016" classname="com.employee.testcases.TC001_Get_All_Employees"/>
  <testcase name="checkContentEncoding" time="0.031" classname="com.employee.testcases.TC001_Get_All_Employees"/>
  <testcase name="checkResponseBody" time="0.015" classname="com.employee.testcases.TC001_Get_All_Employees"/>
  <testcase name="checkResponseTime" time="0.016" classname="com.employee.testcases.TC001_Get_All_Employees"/>
</testsuite> <!-- com.employee.testcases.TC001_Get_All_Employees -->
